00:00:00.000360 main     VirtualBox XPCOM Server 6.0.16 r135674 linux.amd64 (Jan 14 2020 10:17:21) release log
00:00:00.000364 main     Log opened 2020-01-19T23:04:07.879930000Z
00:00:00.000365 main     Build Type: release
00:00:00.000370 main     OS Product: Linux
00:00:00.000371 main     OS Release: 4.19.0-6-amd64
00:00:00.000372 main     OS Version: #1 SMP Debian 4.19.67-2+deb10u2 (2019-11-11)
00:00:00.000402 main     DMI Product Name: MS-7680
00:00:00.000411 main     DMI Product Version: 3.0
00:00:00.000470 main     Host RAM: 7961MB (7.7GB) total, 5231MB (5.1GB) available
00:00:00.000475 main     Executable: /usr/lib/virtualbox/VBoxSVC
00:00:00.000476 main     Process ID: 7954
00:00:00.000477 main     Package type: LINUX_64BITS_DEBIAN_10_0
00:00:00.002189 main     IPC socket path: /tmp/.vbox-koja-ipc/ipcd
00:00:00.106097 nspr-2   VirtualBox: object creation starts
00:00:00.106226 nspr-2   Home directory: '/home/koja/.config/VirtualBox'
00:00:00.106575 nspr-2   Loading settings file "/home/koja/.config/VirtualBox/VirtualBox.xml" with version "1.12-linux"
00:00:00.122630 nspr-2   HostDnsMonitor: initializing
00:00:00.122895 nspr-2   NAT: resolv.conf: nameserver 192.168.1.1
00:00:00.122914 nspr-2   HostDnsMonitor: updating information
00:00:00.122931 nspr-2   HostDnsMonitor: old information
00:00:00.122935 nspr-2     no server entries
00:00:00.122939 nspr-2     no domain set
00:00:00.122943 nspr-2     no search string entries
00:00:00.122947 nspr-2   HostDnsMonitor: new information
00:00:00.122950 nspr-2     server 1: 192.168.1.1
00:00:00.122954 nspr-2     no domain set
00:00:00.122958 nspr-2     no search string entries
00:00:00.125802 nspr-2   SUPR0QueryVTCaps -> VERR_VMX_MSR_ALL_VMX_DISABLED
00:00:00.129466 nspr-2   failed to create vboxnet0, error (0x80004005)
00:00:00.132573 nspr-2   failed to create vboxnet1, error (0x80004005)
00:00:00.135882 nspr-2   failed to create vboxnet2, error (0x80004005)
00:00:00.139160 nspr-2   failed to create vboxnet3, error (0x80004005)
00:00:00.140832 nspr-2   VD: VDInit finished with VINF_SUCCESS
00:00:00.150251 nspr-2   Loading settings file "/home/koja/.Genymobile/Genymotion/deployed/4.1-16v-480x800-240hdpi/4.1-16v-480x800-240hdpi.vbox" with version "1.12-linux"
00:00:00.151799 nspr-2   Loading settings file "/home/koja/.Genymobile/Genymotion/deployed/4.2v-480x800-240hdpi/4.2v-480x800-240hdpi.vbox" with version "1.12-linux"
00:00:00.153246 nspr-2   Loading settings file "/home/koja/.Genymobile/Genymotion/deployed/4.3v-480x800-240hdpi/4.3v-480x800-240hdpi.vbox" with version "1.12-linux"
00:00:00.154626 nspr-2   Loading settings file "/home/koja/.Genymobile/Genymotion/deployed/4.4v-480x800-240hdpi/4.4v-480x800-240hdpi.vbox" with version "1.12-linux"
00:00:00.156072 nspr-2   Loading settings file "/home/koja/.Genymobile/Genymotion/deployed/5.0v-480x800-240hdpi/5.0v-480x800-240hdpi.vbox" with version "1.12-linux"
00:00:00.157536 nspr-2   Loading settings file "/home/koja/.Genymobile/Genymotion/deployed/5.1-480x800-240hdpi/5.1-480x800-240hdpi.vbox" with version "1.12-linux"
00:00:00.158693 nspr-2   Loading settings file "/home/koja/.Genymobile/Genymotion/deployed/6.0v-480x800-240hdpi/6.0v-480x800-240hdpi.vbox" with version "1.12-linux"
00:00:00.159896 nspr-2   Loading settings file "/home/koja/.Genymobile/Genymotion/deployed/7.0v-480x800-240hdpi/7.0v-480x800-240hdpi.vbox" with version "1.12-linux"
00:00:00.161051 nspr-2   Loading settings file "/home/koja/.Genymobile/Genymotion/deployed/7.1v-480x800-240hdpi/7.1v-480x800-240hdpi.vbox" with version "1.12-linux"
00:00:00.162177 nspr-2   Loading settings file "/home/koja/.Genymobile/Genymotion/deployed/8.0v-480x800-240hdpi/8.0v-480x800-240hdpi.vbox" with version "1.12-linux"
00:00:00.163313 nspr-2   Loading settings file "/home/koja/.Genymobile/Genymotion/deployed/9.0v-480x800-240hdpi/9.0v-480x800-240hdpi.vbox" with version "1.12-linux"
00:00:00.164201 nspr-2   Loading settings file "/home/koja/VirtualBox VMs/vm-debian-test/vm-debian-test.vbox" with version "1.16-linux"
00:00:00.165277 nspr-2   OCI: Local config file '/home/koja/.config/VirtualBox/oci_config' does not exist
00:00:00.165323 nspr-2   OCI: Original config file '/home/koja/.oci/config' does not exist
00:00:00.165329 nspr-2   OCI: Reading profiles finished with status NS_OK
00:00:00.165339 nspr-2   ExtPack: Created cloud provider 'OCI' (hrc=NS_OK)
00:00:00.165365 nspr-2   VirtualBox: object created
00:00:00.461641 nspr-2   Saving settings file "/home/koja/.config/VirtualBox/VirtualBox.xml" with version "1.12-linux"
00:00:00.551451 nspr-2   Saving settings file "/home/koja/.config/VirtualBox/VirtualBox.xml" with version "1.12-linux"
00:00:00.739839 nspr-2   Saving settings file "/home/koja/.config/VirtualBox/VirtualBox.xml" with version "1.12-linux"
00:00:00.828386 nspr-2   Saving settings file "/home/koja/.config/VirtualBox/VirtualBox.xml" with version "1.12-linux"
00:00:01.145051 nspr-2   Saving settings file "/home/koja/.config/VirtualBox/VirtualBox.xml" with version "1.12-linux"
00:00:01.275639 nspr-2   Saving settings file "/home/koja/.config/VirtualBox/VirtualBox.xml" with version "1.12-linux"
00:00:01.330919 nspr-2   Saving settings file "/home/koja/.config/VirtualBox/VirtualBox.xml" with version "1.12-linux"
00:00:01.389859 nspr-2   Saving settings file "/home/koja/.config/VirtualBox/VirtualBox.xml" with version "1.12-linux"
00:00:01.625262 nspr-2   ERROR [COM]: aRC=VBOX_E_OBJECT_NOT_FOUND (0x80bb0001) aIID={5047460a-265d-4538-b23e-ddba5fb84976} aComponent={SessionMachine} aText={No storage device attached to device slot 1 on port 1 of controller 'IDEController'}, preserve=false aResultDetail=0
00:00:01.628175 nspr-2   ERROR [COM]: aRC=VBOX_E_OBJECT_NOT_FOUND (0x80bb0001) aIID={5047460a-265d-4538-b23e-ddba5fb84976} aComponent={SessionMachine} aText={No storage device attached to device slot 1 on port 1 of controller 'IDEController'}, preserve=false aResultDetail=0
00:00:01.640349 nspr-3   WARNING [COM]: aRC=NS_ERROR_FAILURE (0x80004005) aIID={dbe11e5f-7f10-46e7-94c4-1e95bf4b6627} aComponent={HostWrap} aText={VirtualBox is not currently allowed to access USB devices.  You can change this by adding your user to the 'vboxusers' group.  Please see the user manual for a more detailed explanation}, preserve=true  aResultDetail=0
00:00:01.640628 nspr-3   WARNING [COM]: aRC=NS_ERROR_FAILURE (0x80004005) aIID={dbe11e5f-7f10-46e7-94c4-1e95bf4b6627} aComponent={HostWrap} aText={VirtualBox is not currently allowed to access USB devices.  You can change this by adding your user to the 'vboxusers' group.  Please see the user manual for a more detailed explanation}, preserve=true  aResultDetail=0
00:00:01.769019 nspr-2   ERROR [COM]: aRC=VBOX_E_OBJECT_NOT_FOUND (0x80bb0001) aIID={5047460a-265d-4538-b23e-ddba5fb84976} aComponent={SessionMachine} aText={No storage device attached to device slot 1 on port 1 of controller 'IDEController'}, preserve=false aResultDetail=0
00:00:01.769290 nspr-3   ERROR [COM]: aRC=VBOX_E_OBJECT_NOT_FOUND (0x80bb0001) aIID={5047460a-265d-4538-b23e-ddba5fb84976} aComponent={SessionMachine} aText={No storage device attached to device slot 1 on port 1 of controller 'IDEController'}, preserve=false aResultDetail=0
00:00:01.777994 nspr-3   WARNING [COM]: aRC=NS_ERROR_FAILURE (0x80004005) aIID={dbe11e5f-7f10-46e7-94c4-1e95bf4b6627} aComponent={HostWrap} aText={VirtualBox is not currently allowed to access USB devices.  You can change this by adding your user to the 'vboxusers' group.  Please see the user manual for a more detailed explanation}, preserve=true  aResultDetail=0
00:00:01.778245 nspr-3   WARNING [COM]: aRC=NS_ERROR_FAILURE (0x80004005) aIID={dbe11e5f-7f10-46e7-94c4-1e95bf4b6627} aComponent={HostWrap} aText={VirtualBox is not currently allowed to access USB devices.  You can change this by adding your user to the 'vboxusers' group.  Please see the user manual for a more detailed explanation}, preserve=true  aResultDetail=0
00:00:02.062756 nspr-3   ERROR [COM]: aRC=VBOX_E_OBJECT_NOT_FOUND (0x80bb0001) aIID={5047460a-265d-4538-b23e-ddba5fb84976} aComponent={SessionMachine} aText={No storage device attached to device slot 1 on port 1 of controller 'IDEController'}, preserve=false aResultDetail=0
00:00:02.063045 nspr-2   ERROR [COM]: aRC=VBOX_E_OBJECT_NOT_FOUND (0x80bb0001) aIID={5047460a-265d-4538-b23e-ddba5fb84976} aComponent={SessionMachine} aText={No storage device attached to device slot 1 on port 1 of controller 'IDEController'}, preserve=false aResultDetail=0
00:00:02.073850 nspr-2   WARNING [COM]: aRC=NS_ERROR_FAILURE (0x80004005) aIID={dbe11e5f-7f10-46e7-94c4-1e95bf4b6627} aComponent={HostWrap} aText={VirtualBox is not currently allowed to access USB devices.  You can change this by adding your user to the 'vboxusers' group.  Please see the user manual for a more detailed explanation}, preserve=true  aResultDetail=0
00:00:02.074160 nspr-2   WARNING [COM]: aRC=NS_ERROR_FAILURE (0x80004005) aIID={dbe11e5f-7f10-46e7-94c4-1e95bf4b6627} aComponent={HostWrap} aText={VirtualBox is not currently allowed to access USB devices.  You can change this by adding your user to the 'vboxusers' group.  Please see the user manual for a more detailed explanation}, preserve=true  aResultDetail=0
00:00:02.145503 nspr-2   Saving settings file "/home/koja/.Genymobile/Genymotion/deployed/4.1-16v-480x800-240hdpi/4.1-16v-480x800-240hdpi.vbox" with version "1.12-linux"
00:00:02.311275 nspr-3   Saving settings file "/home/koja/.Genymobile/Genymotion/deployed/4.1-16v-480x800-240hdpi/4.1-16v-480x800-240hdpi.vbox" with version "1.12-linux"
00:00:02.431657 nspr-3   Saving settings file "/home/koja/.Genymobile/Genymotion/deployed/4.1-16v-480x800-240hdpi/4.1-16v-480x800-240hdpi.vbox" with version "1.12-linux"
00:00:02.554785 nspr-3   Saving settings file "/home/koja/.Genymobile/Genymotion/deployed/4.1-16v-480x800-240hdpi/4.1-16v-480x800-240hdpi.vbox" with version "1.12-linux"
00:00:02.728560 nspr-3   Saving settings file "/home/koja/.Genymobile/Genymotion/deployed/4.1-16v-480x800-240hdpi/4.1-16v-480x800-240hdpi.vbox" with version "1.12-linux"
00:00:02.835141 nspr-3   Saving settings file "/home/koja/.Genymobile/Genymotion/deployed/4.1-16v-480x800-240hdpi/4.1-16v-480x800-240hdpi.vbox" with version "1.12-linux"
00:00:02.937310 nspr-3   Saving settings file "/home/koja/.Genymobile/Genymotion/deployed/4.1-16v-480x800-240hdpi/4.1-16v-480x800-240hdpi.vbox" with version "1.12-linux"
00:00:03.106660 nspr-2   ERROR [COM]: aRC=VBOX_E_OBJECT_NOT_FOUND (0x80bb0001) aIID={5047460a-265d-4538-b23e-ddba5fb84976} aComponent={SessionMachine} aText={No storage device attached to device slot 1 on port 1 of controller 'IDEController'}, preserve=false aResultDetail=0
00:00:03.106917 nspr-3   ERROR [COM]: aRC=VBOX_E_OBJECT_NOT_FOUND (0x80bb0001) aIID={5047460a-265d-4538-b23e-ddba5fb84976} aComponent={SessionMachine} aText={No storage device attached to device slot 1 on port 1 of controller 'IDEController'}, preserve=false aResultDetail=0
00:00:03.115639 nspr-3   WARNING [COM]: aRC=NS_ERROR_FAILURE (0x80004005) aIID={dbe11e5f-7f10-46e7-94c4-1e95bf4b6627} aComponent={HostWrap} aText={VirtualBox is not currently allowed to access USB devices.  You can change this by adding your user to the 'vboxusers' group.  Please see the user manual for a more detailed explanation}, preserve=true  aResultDetail=0
00:00:03.115889 nspr-3   WARNING [COM]: aRC=NS_ERROR_FAILURE (0x80004005) aIID={dbe11e5f-7f10-46e7-94c4-1e95bf4b6627} aComponent={HostWrap} aText={VirtualBox is not currently allowed to access USB devices.  You can change this by adding your user to the 'vboxusers' group.  Please see the user manual for a more detailed explanation}, preserve=true  aResultDetail=0
00:00:03.365021 nspr-4   Saving settings file "/home/koja/.Genymobile/Genymotion/deployed/4.1-16v-480x800-240hdpi/4.1-16v-480x800-240hdpi.vbox" with version "1.12-linux"
00:00:03.768491 nspr-4   WARNING [COM]: aRC=NS_ERROR_FAILURE (0x80004005) aIID={dbe11e5f-7f10-46e7-94c4-1e95bf4b6627} aComponent={HostWrap} aText={VirtualBox is not currently allowed to access USB devices.  You can change this by adding your user to the 'vboxusers' group.  Please see the user manual for a more detailed explanation}, preserve=true  aResultDetail=0
00:00:04.769433 nspr-4   ERROR [COM]: aRC=VBOX_E_OBJECT_NOT_FOUND (0x80bb0001) aIID={5047460a-265d-4538-b23e-ddba5fb84976} aComponent={SessionMachine} aText={No storage device attached to device slot 1 on port 1 of controller 'IDEController'}, preserve=false aResultDetail=0
00:00:04.771192 nspr-4   ERROR [COM]: aRC=VBOX_E_OBJECT_NOT_FOUND (0x80bb0001) aIID={5047460a-265d-4538-b23e-ddba5fb84976} aComponent={SessionMachine} aText={No storage device attached to device slot 1 on port 1 of controller 'IDEController'}, preserve=false aResultDetail=0
00:00:04.780702 nspr-2   WARNING [COM]: aRC=NS_ERROR_FAILURE (0x80004005) aIID={dbe11e5f-7f10-46e7-94c4-1e95bf4b6627} aComponent={HostWrap} aText={VirtualBox is not currently allowed to access USB devices.  You can change this by adding your user to the 'vboxusers' group.  Please see the user manual for a more detailed explanation}, preserve=true  aResultDetail=0
00:00:04.780950 nspr-3   WARNING [COM]: aRC=NS_ERROR_FAILURE (0x80004005) aIID={dbe11e5f-7f10-46e7-94c4-1e95bf4b6627} aComponent={HostWrap} aText={VirtualBox is not currently allowed to access USB devices.  You can change this by adding your user to the 'vboxusers' group.  Please see the user manual for a more detailed explanation}, preserve=true  aResultDetail=0
00:06:01.392106 nspr-2   ERROR [COM]: aRC=VBOX_E_OBJECT_NOT_FOUND (0x80bb0001) aIID={5047460a-265d-4538-b23e-ddba5fb84976} aComponent={SessionMachine} aText={No storage device attached to device slot 1 on port 1 of controller 'IDEController'}, preserve=false aResultDetail=0
00:06:01.392467 nspr-2   ERROR [COM]: aRC=VBOX_E_OBJECT_NOT_FOUND (0x80bb0001) aIID={5047460a-265d-4538-b23e-ddba5fb84976} aComponent={SessionMachine} aText={No storage device attached to device slot 1 on port 1 of controller 'IDEController'}, preserve=false aResultDetail=0
00:06:01.408833 nspr-3   WARNING [COM]: aRC=NS_ERROR_FAILURE (0x80004005) aIID={dbe11e5f-7f10-46e7-94c4-1e95bf4b6627} aComponent={HostWrap} aText={VirtualBox is not currently allowed to access USB devices.  You can change this by adding your user to the 'vboxusers' group.  Please see the user manual for a more detailed explanation}, preserve=true  aResultDetail=0
00:06:01.409148 nspr-4   WARNING [COM]: aRC=NS_ERROR_FAILURE (0x80004005) aIID={dbe11e5f-7f10-46e7-94c4-1e95bf4b6627} aComponent={HostWrap} aText={VirtualBox is not currently allowed to access USB devices.  You can change this by adding your user to the 'vboxusers' group.  Please see the user manual for a more detailed explanation}, preserve=true  aResultDetail=0
00:06:01.697270 nspr-3   Saving settings file "/home/koja/.Genymobile/Genymotion/deployed/4.1-16v-480x800-240hdpi/4.1-16v-480x800-240hdpi.vbox" with version "1.12-linux"
00:06:06.822230 main     VirtualBox: object deletion starts
00:06:06.822433 main     ERROR [COM]: aRC=VBOX_E_OBJECT_IN_USE (0x80bb000c) aIID={ad47ad09-787b-44ab-b343-a082a3f2dfb1} aComponent={MediumWrap} aText={Medium '/home/koja/.Genymobile/Genymotion/deployed/4.1-16v-480x800-240hdpi/Snapshots/{316ce68d-d60d-4da8-b05e-2a8bf8bfa614}.vmdk' cannot be closed because it is still attached to 1 virtual machines}, preserve=false aResultDetail=0
00:06:06.822487 main     ERROR [COM]: aRC=VBOX_E_OBJECT_IN_USE (0x80bb000c) aIID={ad47ad09-787b-44ab-b343-a082a3f2dfb1} aComponent={MediumWrap} aText={Medium '/home/koja/.Genymobile/Genymotion/deployed/4.1-16v-480x800-240hdpi/android_system_disk.vmdk' cannot be closed because it is still attached to 1 virtual machines}, preserve=false aResultDetail=0
00:06:06.822514 main     ERROR [COM]: aRC=VBOX_E_OBJECT_IN_USE (0x80bb000c) aIID={ad47ad09-787b-44ab-b343-a082a3f2dfb1} aComponent={MediumWrap} aText={Medium '/home/koja/.Genymobile/Genymotion/deployed/4.1-16v-480x800-240hdpi/Snapshots/{fb36ae73-d321-4a04-a128-3b8d2f20dfd1}.vmdk' cannot be closed because it is still attached to 1 virtual machines}, preserve=false aResultDetail=0
00:06:06.822535 main     ERROR [COM]: aRC=VBOX_E_OBJECT_IN_USE (0x80bb000c) aIID={ad47ad09-787b-44ab-b343-a082a3f2dfb1} aComponent={MediumWrap} aText={Medium '/home/koja/.Genymobile/Genymotion/deployed/4.1-16v-480x800-240hdpi/android_data_disk.vmdk' cannot be closed because it is still attached to 1 virtual machines}, preserve=false aResultDetail=0
00:06:06.822576 main     ERROR [COM]: aRC=VBOX_E_OBJECT_IN_USE (0x80bb000c) aIID={ad47ad09-787b-44ab-b343-a082a3f2dfb1} aComponent={MediumWrap} aText={Medium '/home/koja/.Genymobile/Genymotion/deployed/4.1-16v-480x800-240hdpi/Snapshots/{5f070c18-591a-4b56-8a64-b6b467254c7a}.vdi' cannot be closed because it is still attached to 1 virtual machines}, preserve=false aResultDetail=0
00:06:06.822597 main     ERROR [COM]: aRC=VBOX_E_OBJECT_IN_USE (0x80bb000c) aIID={ad47ad09-787b-44ab-b343-a082a3f2dfb1} aComponent={MediumWrap} aText={Medium '/home/koja/.Genymobile/Genymotion/deployed/4.1-16v-480x800-240hdpi/sdcard.vdi' cannot be closed because it is still attached to 1 virtual machines}, preserve=false aResultDetail=0
00:06:06.822991 main     ERROR [COM]: aRC=VBOX_E_OBJECT_IN_USE (0x80bb000c) aIID={ad47ad09-787b-44ab-b343-a082a3f2dfb1} aComponent={MediumWrap} aText={Medium '/home/koja/.Genymobile/Genymotion/deployed/4.2v-480x800-240hdpi/Snapshots/{d30e7333-d67a-4774-be70-95a15e9a1315}.vmdk' cannot be closed because it is still attached to 1 virtual machines}, preserve=false aResultDetail=0
00:06:06.823023 main     ERROR [COM]: aRC=VBOX_E_OBJECT_IN_USE (0x80bb000c) aIID={ad47ad09-787b-44ab-b343-a082a3f2dfb1} aComponent={MediumWrap} aText={Medium '/home/koja/.Genymobile/Genymotion/deployed/4.2v-480x800-240hdpi/android_system_disk.vmdk' cannot be closed because it is still attached to 1 virtual machines}, preserve=false aResultDetail=0
00:06:06.823047 main     ERROR [COM]: aRC=VBOX_E_OBJECT_IN_USE (0x80bb000c) aIID={ad47ad09-787b-44ab-b343-a082a3f2dfb1} aComponent={MediumWrap} aText={Medium '/home/koja/.Genymobile/Genymotion/deployed/4.2v-480x800-240hdpi/Snapshots/{a6ad4969-4453-4a80-81b7-153a3547b1d1}.vmdk' cannot be closed because it is still attached to 1 virtual machines}, preserve=false aResultDetail=0
00:06:06.823068 main     ERROR [COM]: aRC=VBOX_E_OBJECT_IN_USE (0x80bb000c) aIID={ad47ad09-787b-44ab-b343-a082a3f2dfb1} aComponent={MediumWrap} aText={Medium '/home/koja/.Genymobile/Genymotion/deployed/4.2v-480x800-240hdpi/android_data_disk.vmdk' cannot be closed because it is still attached to 1 virtual machines}, preserve=false aResultDetail=0
00:06:06.823090 main     ERROR [COM]: aRC=VBOX_E_OBJECT_IN_USE (0x80bb000c) aIID={ad47ad09-787b-44ab-b343-a082a3f2dfb1} aComponent={MediumWrap} aText={Medium '/home/koja/.Genymobile/Genymotion/deployed/4.2v-480x800-240hdpi/Snapshots/{9e1c4579-ff46-4cad-b44c-7cbc9c638715}.vdi' cannot be closed because it is still attached to 1 virtual machines}, preserve=false aResultDetail=0
00:06:06.823110 main     ERROR [COM]: aRC=VBOX_E_OBJECT_IN_USE (0x80bb000c) aIID={ad47ad09-787b-44ab-b343-a082a3f2dfb1} aComponent={MediumWrap} aText={Medium '/home/koja/.Genymobile/Genymotion/deployed/4.2v-480x800-240hdpi/sdcard.vdi' cannot be closed because it is still attached to 1 virtual machines}, preserve=false aResultDetail=0
00:06:06.823427 main     ERROR [COM]: aRC=VBOX_E_OBJECT_IN_USE (0x80bb000c) aIID={ad47ad09-787b-44ab-b343-a082a3f2dfb1} aComponent={MediumWrap} aText={Medium '/home/koja/.Genymobile/Genymotion/deployed/4.3v-480x800-240hdpi/Snapshots/{09a53f62-598e-4d74-bd55-095eacd385d5}.vmdk' cannot be closed because it is still attached to 1 virtual machines}, preserve=false aResultDetail=0
00:06:06.823457 main     ERROR [COM]: aRC=VBOX_E_OBJECT_IN_USE (0x80bb000c) aIID={ad47ad09-787b-44ab-b343-a082a3f2dfb1} aComponent={MediumWrap} aText={Medium '/home/koja/.Genymobile/Genymotion/deployed/4.3v-480x800-240hdpi/android_system_disk.vmdk' cannot be closed because it is still attached to 1 virtual machines}, preserve=false aResultDetail=0
00:06:06.823479 main     ERROR [COM]: aRC=VBOX_E_OBJECT_IN_USE (0x80bb000c) aIID={ad47ad09-787b-44ab-b343-a082a3f2dfb1} aComponent={MediumWrap} aText={Medium '/home/koja/.Genymobile/Genymotion/deployed/4.3v-480x800-240hdpi/Snapshots/{3579b920-1575-46f8-a1ce-14dea759cdd1}.vmdk' cannot be closed because it is still attached to 1 virtual machines}, preserve=false aResultDetail=0
00:06:06.823509 main     ERROR [COM]: aRC=VBOX_E_OBJECT_IN_USE (0x80bb000c) aIID={ad47ad09-787b-44ab-b343-a082a3f2dfb1} aComponent={MediumWrap} aText={Medium '/home/koja/.Genymobile/Genymotion/deployed/4.3v-480x800-240hdpi/android_data_disk.vmdk' cannot be closed because it is still attached to 1 virtual machines}, preserve=false aResultDetail=0
00:06:06.823530 main     ERROR [COM]: aRC=VBOX_E_OBJECT_IN_USE (0x80bb000c) aIID={ad47ad09-787b-44ab-b343-a082a3f2dfb1} aComponent={MediumWrap} aText={Medium '/home/koja/.Genymobile/Genymotion/deployed/4.3v-480x800-240hdpi/Snapshots/{de7c118f-2958-458d-938d-6953ce7947b6}.vdi' cannot be closed because it is still attached to 1 virtual machines}, preserve=false aResultDetail=0
00:06:06.823550 main     ERROR [COM]: aRC=VBOX_E_OBJECT_IN_USE (0x80bb000c) aIID={ad47ad09-787b-44ab-b343-a082a3f2dfb1} aComponent={MediumWrap} aText={Medium '/home/koja/.Genymobile/Genymotion/deployed/4.3v-480x800-240hdpi/sdcard.vdi' cannot be closed because it is still attached to 1 virtual machines}, preserve=false aResultDetail=0
00:06:06.823854 main     ERROR [COM]: aRC=VBOX_E_OBJECT_IN_USE (0x80bb000c) aIID={ad47ad09-787b-44ab-b343-a082a3f2dfb1} aComponent={MediumWrap} aText={Medium '/home/koja/.Genymobile/Genymotion/deployed/4.4v-480x800-240hdpi/Snapshots/{3ecffe41-1361-4283-b3dc-c1c48dd0a47a}.vmdk' cannot be closed because it is still attached to 1 virtual machines}, preserve=false aResultDetail=0
00:06:06.823885 main     ERROR [COM]: aRC=VBOX_E_OBJECT_IN_USE (0x80bb000c) aIID={ad47ad09-787b-44ab-b343-a082a3f2dfb1} aComponent={MediumWrap} aText={Medium '/home/koja/.Genymobile/Genymotion/deployed/4.4v-480x800-240hdpi/android_system_disk.vmdk' cannot be closed because it is still attached to 1 virtual machines}, preserve=false aResultDetail=0
00:06:06.823910 main     ERROR [COM]: aRC=VBOX_E_OBJECT_IN_USE (0x80bb000c) aIID={ad47ad09-787b-44ab-b343-a082a3f2dfb1} aComponent={MediumWrap} aText={Medium '/home/koja/.Genymobile/Genymotion/deployed/4.4v-480x800-240hdpi/Snapshots/{2df01e28-4e15-447b-a155-4600805369aa}.vmdk' cannot be closed because it is still attached to 1 virtual machines}, preserve=false aResultDetail=0
00:06:06.823931 main     ERROR [COM]: aRC=VBOX_E_OBJECT_IN_USE (0x80bb000c) aIID={ad47ad09-787b-44ab-b343-a082a3f2dfb1} aComponent={MediumWrap} aText={Medium '/home/koja/.Genymobile/Genymotion/deployed/4.4v-480x800-240hdpi/android_data_disk.vmdk' cannot be closed because it is still attached to 1 virtual machines}, preserve=false aResultDetail=0
00:06:06.823950 main     ERROR [COM]: aRC=VBOX_E_OBJECT_IN_USE (0x80bb000c) aIID={ad47ad09-787b-44ab-b343-a082a3f2dfb1} aComponent={MediumWrap} aText={Medium '/home/koja/.Genymobile/Genymotion/deployed/4.4v-480x800-240hdpi/Snapshots/{1e4fe885-46b5-49c2-9672-07e2fae424b7}.vdi' cannot be closed because it is still attached to 1 virtual machines}, preserve=false aResultDetail=0
00:06:06.823970 main     ERROR [COM]: aRC=VBOX_E_OBJECT_IN_USE (0x80bb000c) aIID={ad47ad09-787b-44ab-b343-a082a3f2dfb1} aComponent={MediumWrap} aText={Medium '/home/koja/.Genymobile/Genymotion/deployed/4.4v-480x800-240hdpi/sdcard.vdi' cannot be closed because it is still attached to 1 virtual machines}, preserve=false aResultDetail=0
00:06:06.824273 main     ERROR [COM]: aRC=VBOX_E_OBJECT_IN_USE (0x80bb000c) aIID={ad47ad09-787b-44ab-b343-a082a3f2dfb1} aComponent={MediumWrap} aText={Medium '/home/koja/.Genymobile/Genymotion/deployed/5.0v-480x800-240hdpi/Snapshots/{a3bde074-64d5-4d72-aabd-365ff54d4cee}.vmdk' cannot be closed because it is still attached to 1 virtual machines}, preserve=false aResultDetail=0
00:06:06.824303 main     ERROR [COM]: aRC=VBOX_E_OBJECT_IN_USE (0x80bb000c) aIID={ad47ad09-787b-44ab-b343-a082a3f2dfb1} aComponent={MediumWrap} aText={Medium '/home/koja/.Genymobile/Genymotion/deployed/5.0v-480x800-240hdpi/android_system_disk.vmdk' cannot be closed because it is still attached to 1 virtual machines}, preserve=false aResultDetail=0
00:06:06.824325 main     ERROR [COM]: aRC=VBOX_E_OBJECT_IN_USE (0x80bb000c) aIID={ad47ad09-787b-44ab-b343-a082a3f2dfb1} aComponent={MediumWrap} aText={Medium '/home/koja/.Genymobile/Genymotion/deployed/5.0v-480x800-240hdpi/Snapshots/{af4618a9-5fb3-4c7c-a9b8-d8486f1a5301}.vmdk' cannot be closed because it is still attached to 1 virtual machines}, preserve=false aResultDetail=0
00:06:06.824355 main     ERROR [COM]: aRC=VBOX_E_OBJECT_IN_USE (0x80bb000c) aIID={ad47ad09-787b-44ab-b343-a082a3f2dfb1} aComponent={MediumWrap} aText={Medium '/home/koja/.Genymobile/Genymotion/deployed/5.0v-480x800-240hdpi/android_data_disk.vmdk' cannot be closed because it is still attached to 1 virtual machines}, preserve=false aResultDetail=0
00:06:06.824375 main     ERROR [COM]: aRC=VBOX_E_OBJECT_IN_USE (0x80bb000c) aIID={ad47ad09-787b-44ab-b343-a082a3f2dfb1} aComponent={MediumWrap} aText={Medium '/home/koja/.Genymobile/Genymotion/deployed/5.0v-480x800-240hdpi/Snapshots/{2b375e2c-1ec4-44e5-856a-2ae2aec34777}.vdi' cannot be closed because it is still attached to 1 virtual machines}, preserve=false aResultDetail=0
00:06:06.824395 main     ERROR [COM]: aRC=VBOX_E_OBJECT_IN_USE (0x80bb000c) aIID={ad47ad09-787b-44ab-b343-a082a3f2dfb1} aComponent={MediumWrap} aText={Medium '/home/koja/.Genymobile/Genymotion/deployed/5.0v-480x800-240hdpi/sdcard.vdi' cannot be closed because it is still attached to 1 virtual machines}, preserve=false aResultDetail=0
00:06:06.824717 main     ERROR [COM]: aRC=VBOX_E_OBJECT_IN_USE (0x80bb000c) aIID={ad47ad09-787b-44ab-b343-a082a3f2dfb1} aComponent={MediumWrap} aText={Medium '/home/koja/.Genymobile/Genymotion/deployed/5.1-480x800-240hdpi/Snapshots/{2e2d958b-ecaf-4fce-9e38-8d9ace27487f}.vmdk' cannot be closed because it is still attached to 1 virtual machines}, preserve=false aResultDetail=0
00:06:06.824748 main     ERROR [COM]: aRC=VBOX_E_OBJECT_IN_USE (0x80bb000c) aIID={ad47ad09-787b-44ab-b343-a082a3f2dfb1} aComponent={MediumWrap} aText={Medium '/home/koja/.Genymobile/Genymotion/deployed/5.1-480x800-240hdpi/android_system_disk.vmdk' cannot be closed because it is still attached to 1 virtual machines}, preserve=false aResultDetail=0
00:06:06.824769 main     ERROR [COM]: aRC=VBOX_E_OBJECT_IN_USE (0x80bb000c) aIID={ad47ad09-787b-44ab-b343-a082a3f2dfb1} aComponent={MediumWrap} aText={Medium '/home/koja/.Genymobile/Genymotion/deployed/5.1-480x800-240hdpi/Snapshots/{ad072eb2-7cba-4743-afa0-ba57c81bda27}.vmdk' cannot be closed because it is still attached to 1 virtual machines}, preserve=false aResultDetail=0
00:06:06.824789 main     ERROR [COM]: aRC=VBOX_E_OBJECT_IN_USE (0x80bb000c) aIID={ad47ad09-787b-44ab-b343-a082a3f2dfb1} aComponent={MediumWrap} aText={Medium '/home/koja/.Genymobile/Genymotion/deployed/5.1-480x800-240hdpi/android_data_disk.vmdk' cannot be closed because it is still attached to 1 virtual machines}, preserve=false aResultDetail=0
00:06:06.824811 main     ERROR [COM]: aRC=VBOX_E_OBJECT_IN_USE (0x80bb000c) aIID={ad47ad09-787b-44ab-b343-a082a3f2dfb1} aComponent={MediumWrap} aText={Medium '/home/koja/.Genymobile/Genymotion/deployed/5.1-480x800-240hdpi/Snapshots/{44552260-3b43-4a88-a918-cc3a15c8632b}.vdi' cannot be closed because it is still attached to 1 virtual machines}, preserve=false aResultDetail=0
00:06:06.824831 main     ERROR [COM]: aRC=VBOX_E_OBJECT_IN_USE (0x80bb000c) aIID={ad47ad09-787b-44ab-b343-a082a3f2dfb1} aComponent={MediumWrap} aText={Medium '/home/koja/.Genymobile/Genymotion/deployed/5.1-480x800-240hdpi/sdcard.vdi' cannot be closed because it is still attached to 1 virtual machines}, preserve=false aResultDetail=0
00:06:06.825160 main     ERROR [COM]: aRC=VBOX_E_OBJECT_IN_USE (0x80bb000c) aIID={ad47ad09-787b-44ab-b343-a082a3f2dfb1} aComponent={MediumWrap} aText={Medium '/home/koja/.Genymobile/Genymotion/deployed/6.0v-480x800-240hdpi/Snapshots/{7cdff775-a999-421c-a0fb-b05facedc55f}.vmdk' cannot be closed because it is still attached to 1 virtual machines}, preserve=false aResultDetail=0
00:06:06.825193 main     ERROR [COM]: aRC=VBOX_E_OBJECT_IN_USE (0x80bb000c) aIID={ad47ad09-787b-44ab-b343-a082a3f2dfb1} aComponent={MediumWrap} aText={Medium '/home/koja/.Genymobile/Genymotion/deployed/6.0v-480x800-240hdpi/android_system_disk.vmdk' cannot be closed because it is still attached to 1 virtual machines}, preserve=false aResultDetail=0
00:06:06.825226 main     ERROR [COM]: aRC=VBOX_E_OBJECT_IN_USE (0x80bb000c) aIID={ad47ad09-787b-44ab-b343-a082a3f2dfb1} aComponent={MediumWrap} aText={Medium '/home/koja/.Genymobile/Genymotion/deployed/6.0v-480x800-240hdpi/Snapshots/{cbf9d1ce-7c18-4c62-acac-c16b7c55c0b9}.vmdk' cannot be closed because it is still attached to 1 virtual machines}, preserve=false aResultDetail=0
00:06:06.825247 main     ERROR [COM]: aRC=VBOX_E_OBJECT_IN_USE (0x80bb000c) aIID={ad47ad09-787b-44ab-b343-a082a3f2dfb1} aComponent={MediumWrap} aText={Medium '/home/koja/.Genymobile/Genymotion/deployed/6.0v-480x800-240hdpi/android_data_disk.vmdk' cannot be closed because it is still attached to 1 virtual machines}, preserve=false aResultDetail=0
00:06:06.825564 main     ERROR [COM]: aRC=VBOX_E_OBJECT_IN_USE (0x80bb000c) aIID={ad47ad09-787b-44ab-b343-a082a3f2dfb1} aComponent={MediumWrap} aText={Medium '/home/koja/.Genymobile/Genymotion/deployed/7.0v-480x800-240hdpi/Snapshots/{fd1e81fb-7937-4bb0-9c97-f3ad03382eec}.vmdk' cannot be closed because it is still attached to 1 virtual machines}, preserve=false aResultDetail=0
00:06:06.825595 main     ERROR [COM]: aRC=VBOX_E_OBJECT_IN_USE (0x80bb000c) aIID={ad47ad09-787b-44ab-b343-a082a3f2dfb1} aComponent={MediumWrap} aText={Medium '/home/koja/.Genymobile/Genymotion/deployed/7.0v-480x800-240hdpi/android_system_disk.vmdk' cannot be closed because it is still attached to 1 virtual machines}, preserve=false aResultDetail=0
00:06:06.825618 main     ERROR [COM]: aRC=VBOX_E_OBJECT_IN_USE (0x80bb000c) aIID={ad47ad09-787b-44ab-b343-a082a3f2dfb1} aComponent={MediumWrap} aText={Medium '/home/koja/.Genymobile/Genymotion/deployed/7.0v-480x800-240hdpi/Snapshots/{3ca29c25-50f9-40b2-b25f-9b1faf7c536d}.vmdk' cannot be closed because it is still attached to 1 virtual machines}, preserve=false aResultDetail=0
00:06:06.825639 main     ERROR [COM]: aRC=VBOX_E_OBJECT_IN_USE (0x80bb000c) aIID={ad47ad09-787b-44ab-b343-a082a3f2dfb1} aComponent={MediumWrap} aText={Medium '/home/koja/.Genymobile/Genymotion/deployed/7.0v-480x800-240hdpi/android_data_disk.vmdk' cannot be closed because it is still attached to 1 virtual machines}, preserve=false aResultDetail=0
00:06:06.826083 main     ERROR [COM]: aRC=VBOX_E_OBJECT_IN_USE (0x80bb000c) aIID={ad47ad09-787b-44ab-b343-a082a3f2dfb1} aComponent={MediumWrap} aText={Medium '/home/koja/.Genymobile/Genymotion/deployed/7.1v-480x800-240hdpi/Snapshots/{b0aeaa46-7334-461f-9348-9d49cd4c90ed}.vmdk' cannot be closed because it is still attached to 1 virtual machines}, preserve=false aResultDetail=0
00:06:06.826120 main     ERROR [COM]: aRC=VBOX_E_OBJECT_IN_USE (0x80bb000c) aIID={ad47ad09-787b-44ab-b343-a082a3f2dfb1} aComponent={MediumWrap} aText={Medium '/home/koja/.Genymobile/Genymotion/deployed/7.1v-480x800-240hdpi/android_system_disk.vmdk' cannot be closed because it is still attached to 1 virtual machines}, preserve=false aResultDetail=0
00:06:06.826142 main     ERROR [COM]: aRC=VBOX_E_OBJECT_IN_USE (0x80bb000c) aIID={ad47ad09-787b-44ab-b343-a082a3f2dfb1} aComponent={MediumWrap} aText={Medium '/home/koja/.Genymobile/Genymotion/deployed/7.1v-480x800-240hdpi/Snapshots/{139d266d-a4b8-42d7-b3a1-080ed61db711}.vmdk' cannot be closed because it is still attached to 1 virtual machines}, preserve=false aResultDetail=0
00:06:06.826162 main     ERROR [COM]: aRC=VBOX_E_OBJECT_IN_USE (0x80bb000c) aIID={ad47ad09-787b-44ab-b343-a082a3f2dfb1} aComponent={MediumWrap} aText={Medium '/home/koja/.Genymobile/Genymotion/deployed/7.1v-480x800-240hdpi/android_data_disk.vmdk' cannot be closed because it is still attached to 1 virtual machines}, preserve=false aResultDetail=0
00:06:06.826469 main     ERROR [COM]: aRC=VBOX_E_OBJECT_IN_USE (0x80bb000c) aIID={ad47ad09-787b-44ab-b343-a082a3f2dfb1} aComponent={MediumWrap} aText={Medium '/home/koja/.Genymobile/Genymotion/deployed/8.0v-480x800-240hdpi/Snapshots/{59b0b8b6-fbb9-41b3-968f-7b40096f284a}.vmdk' cannot be closed because it is still attached to 1 virtual machines}, preserve=false aResultDetail=0
00:06:06.826512 main     ERROR [COM]: aRC=VBOX_E_OBJECT_IN_USE (0x80bb000c) aIID={ad47ad09-787b-44ab-b343-a082a3f2dfb1} aComponent={MediumWrap} aText={Medium '/home/koja/.Genymobile/Genymotion/deployed/8.0v-480x800-240hdpi/android_system_disk.vmdk' cannot be closed because it is still attached to 1 virtual machines}, preserve=false aResultDetail=0
00:06:06.826534 main     ERROR [COM]: aRC=VBOX_E_OBJECT_IN_USE (0x80bb000c) aIID={ad47ad09-787b-44ab-b343-a082a3f2dfb1} aComponent={MediumWrap} aText={Medium '/home/koja/.Genymobile/Genymotion/deployed/8.0v-480x800-240hdpi/Snapshots/{0723ed38-550a-4cb3-982c-0e464b126394}.vmdk' cannot be closed because it is still attached to 1 virtual machines}, preserve=false aResultDetail=0
00:06:06.826554 main     ERROR [COM]: aRC=VBOX_E_OBJECT_IN_USE (0x80bb000c) aIID={ad47ad09-787b-44ab-b343-a082a3f2dfb1} aComponent={MediumWrap} aText={Medium '/home/koja/.Genymobile/Genymotion/deployed/8.0v-480x800-240hdpi/android_data_disk.vmdk' cannot be closed because it is still attached to 1 virtual machines}, preserve=false aResultDetail=0
00:06:06.826858 main     ERROR [COM]: aRC=VBOX_E_OBJECT_IN_USE (0x80bb000c) aIID={ad47ad09-787b-44ab-b343-a082a3f2dfb1} aComponent={MediumWrap} aText={Medium '/home/koja/.Genymobile/Genymotion/deployed/9.0v-480x800-240hdpi/Snapshots/{9643fa6d-f9f2-4a17-a67c-0ff6a7e9c7fc}.vmdk' cannot be closed because it is still attached to 1 virtual machines}, preserve=false aResultDetail=0
00:06:06.826889 main     ERROR [COM]: aRC=VBOX_E_OBJECT_IN_USE (0x80bb000c) aIID={ad47ad09-787b-44ab-b343-a082a3f2dfb1} aComponent={MediumWrap} aText={Medium '/home/koja/.Genymobile/Genymotion/deployed/9.0v-480x800-240hdpi/android_system_disk.vmdk' cannot be closed because it is still attached to 1 virtual machines}, preserve=false aResultDetail=0
00:06:06.826910 main     ERROR [COM]: aRC=VBOX_E_OBJECT_IN_USE (0x80bb000c) aIID={ad47ad09-787b-44ab-b343-a082a3f2dfb1} aComponent={MediumWrap} aText={Medium '/home/koja/.Genymobile/Genymotion/deployed/9.0v-480x800-240hdpi/Snapshots/{1548d4c7-8814-45c0-b8f8-f9936c21b709}.vmdk' cannot be closed because it is still attached to 1 virtual machines}, preserve=false aResultDetail=0
00:06:06.826930 main     ERROR [COM]: aRC=VBOX_E_OBJECT_IN_USE (0x80bb000c) aIID={ad47ad09-787b-44ab-b343-a082a3f2dfb1} aComponent={MediumWrap} aText={Medium '/home/koja/.Genymobile/Genymotion/deployed/9.0v-480x800-240hdpi/android_data_disk.vmdk' cannot be closed because it is still attached to 1 virtual machines}, preserve=false aResultDetail=0
00:06:06.827221 main     ERROR [COM]: aRC=VBOX_E_OBJECT_IN_USE (0x80bb000c) aIID={ad47ad09-787b-44ab-b343-a082a3f2dfb1} aComponent={MediumWrap} aText={Medium '/home/koja/VirtualBox VMs/vm-debian-test/vm-debian-test.vdi' cannot be closed because it is still attached to 1 virtual machines}, preserve=false aResultDetail=0
00:06:06.861620 main     HostDnsMonitor: shutting down ...
00:06:06.877085 main     HostDnsMonitor: shut down
00:06:07.321795 Watcher  ERROR [COM]: aRC=E_ACCESSDENIED (0x80070005) aIID={d0a0163f-e254-4e5b-a1f2-011cf991c38d} aComponent={VirtualBoxWrap} aText={The object is not ready}, preserve=false aResultDetail=0
00:06:11.877259 main     {00007f24e0012ae0} HostPowerServiceLinux::~HostPowerServiceLinux: RTThreadWait() for 5000 ms failed with VERR_TIMEOUT
00:06:11.878242 main     VirtualBox: object deleted
